<?xml version="1.0" encoding="UTF-8"?>
<robot generator="Robot 3.2.2 (Python 3.8.5 on win32)" generated="20200910 21:51:43.352" rpa="false">
<suite id="s1" name="Tests" source="C:\Users\luan\qa\robot\web\tests">
<suite id="s1-s1" name="Checkbox" source="C:\Users\luan\qa\robot\web\tests\checkbox.robot">
<test id="s1-s1-t1" name="Marcando opcao com ID">
<kw name="Nova sessão" library="base" type="setup">
<kw name="Open Browser" library="SeleniumLibrary">
<doc>Opens a new browser instance to the optional ``url``.</doc>
<arguments>
<arg>${url}</arg>
<arg>chrome</arg>
</arguments>
<msg timestamp="20200910 21:51:43.522" level="INFO">Opening browser 'chrome' to base url 'https://training-wheels-protocol.herokuapp.com'.</msg>
<status status="PASS" starttime="20200910 21:51:43.522" endtime="20200910 21:51:48.688"></status>
</kw>
<status status="PASS" starttime="20200910 21:51:43.522" endtime="20200910 21:51:48.688"></status>
</kw>
<kw name="Go To" library="SeleniumLibrary">
<doc>Navigates the current browser window to the provided ``url``.</doc>
<arguments>
<arg>${url}/checkboxes</arg>
</arguments>
<msg timestamp="20200910 21:51:48.688" level="INFO">Opening url 'https://training-wheels-protocol.herokuapp.com/checkboxes'</msg>
<status status="PASS" starttime="20200910 21:51:48.688" endtime="20200910 21:51:48.959"></status>
</kw>
<kw name="Select Checkbox" library="SeleniumLibrary">
<doc>Selects the checkbox identified by ``locator``.</doc>
<arguments>
<arg>${check_thor}</arg>
</arguments>
<msg timestamp="20200910 21:51:48.959" level="INFO">Selecting checkbox 'id:thor'.</msg>
<status status="PASS" starttime="20200910 21:51:48.959" endtime="20200910 21:51:49.004"></status>
</kw>
<kw name="Checkbox Should Be Selected" library="SeleniumLibrary">
<doc>Verifies checkbox ``locator`` is selected/checked.</doc>
<arguments>
<arg>${check_thor}</arg>
</arguments>
<msg timestamp="20200910 21:51:49.004" level="INFO">Verifying checkbox 'id:thor' is selected.</msg>
<status status="PASS" starttime="20200910 21:51:49.004" endtime="20200910 21:51:49.017"></status>
</kw>
<kw name="Encerra sessão" library="base" type="teardown">
<kw name="Capture Page Screenshot" library="SeleniumLibrary">
<doc>Takes a screenshot of the current page and embeds it into a log file.</doc>
<msg timestamp="20200910 21:51:49.317" level="INFO" html="yes">&lt;/td&gt;&lt;/tr&gt;&lt;tr&gt;&lt;td colspan="3"&gt;&lt;a href="selenium-screenshot-5.png"&gt;&lt;img src="selenium-screenshot-5.png" width="800px"&gt;&lt;/a&gt;</msg>
<status status="PASS" starttime="20200910 21:51:49.017" endtime="20200910 21:51:49.317"></status>
</kw>
<kw name="Close Browser" library="SeleniumLibrary">
<doc>Closes the current browser.</doc>
<status status="PASS" starttime="20200910 21:51:49.317" endtime="20200910 21:51:51.392"></status>
</kw>
<status status="PASS" starttime="20200910 21:51:49.017" endtime="20200910 21:51:51.392"></status>
</kw>
<tags>
<tag>thor</tag>
</tags>
<status status="PASS" starttime="20200910 21:51:43.522" endtime="20200910 21:51:51.392" critical="yes"></status>
</test>
<test id="s1-s1-t2" name="Marcando opcao com CSS Selector">
<kw name="Nova sessão" library="base" type="setup">
<kw name="Open Browser" library="SeleniumLibrary">
<doc>Opens a new browser instance to the optional ``url``.</doc>
<arguments>
<arg>${url}</arg>
<arg>chrome</arg>
</arguments>
<msg timestamp="20200910 21:51:51.392" level="INFO">Opening browser 'chrome' to base url 'https://training-wheels-protocol.herokuapp.com'.</msg>
<status status="PASS" starttime="20200910 21:51:51.392" endtime="20200910 21:51:56.588"></status>
</kw>
<status status="PASS" starttime="20200910 21:51:51.392" endtime="20200910 21:51:56.588"></status>
</kw>
<kw name="Go To" library="SeleniumLibrary">
<doc>Navigates the current browser window to the provided ``url``.</doc>
<arguments>
<arg>${url}/checkboxes</arg>
</arguments>
<msg timestamp="20200910 21:51:56.588" level="INFO">Opening url 'https://training-wheels-protocol.herokuapp.com/checkboxes'</msg>
<status status="PASS" starttime="20200910 21:51:56.588" endtime="20200910 21:51:56.850"></status>
</kw>
<kw name="Select Checkbox" library="SeleniumLibrary">
<doc>Selects the checkbox identified by ``locator``.</doc>
<arguments>
<arg>${check_iron}</arg>
</arguments>
<msg timestamp="20200910 21:51:56.850" level="INFO">Selecting checkbox 'css:input[value='iron-man']'.</msg>
<status status="PASS" starttime="20200910 21:51:56.850" endtime="20200910 21:51:56.906"></status>
</kw>
<kw name="Checkbox Should Be Selected" library="SeleniumLibrary">
<doc>Verifies checkbox ``locator`` is selected/checked.</doc>
<arguments>
<arg>${check_iron}</arg>
</arguments>
<msg timestamp="20200910 21:51:56.906" level="INFO">Verifying checkbox 'css:input[value='iron-man']' is selected.</msg>
<status status="PASS" starttime="20200910 21:51:56.906" endtime="20200910 21:51:56.918"></status>
</kw>
<kw name="Encerra sessão" library="base" type="teardown">
<kw name="Capture Page Screenshot" library="SeleniumLibrary">
<doc>Takes a screenshot of the current page and embeds it into a log file.</doc>
<msg timestamp="20200910 21:51:57.228" level="INFO" html="yes">&lt;/td&gt;&lt;/tr&gt;&lt;tr&gt;&lt;td colspan="3"&gt;&lt;a href="selenium-screenshot-6.png"&gt;&lt;img src="selenium-screenshot-6.png" width="800px"&gt;&lt;/a&gt;</msg>
<status status="PASS" starttime="20200910 21:51:56.918" endtime="20200910 21:51:57.228"></status>
</kw>
<kw name="Close Browser" library="SeleniumLibrary">
<doc>Closes the current browser.</doc>
<status status="PASS" starttime="20200910 21:51:57.229" endtime="20200910 21:51:59.310"></status>
</kw>
<status status="PASS" starttime="20200910 21:51:56.918" endtime="20200910 21:51:59.310"></status>
</kw>
<tags>
<tag>ironman</tag>
</tags>
<status status="PASS" starttime="20200910 21:51:51.392" endtime="20200910 21:51:59.310" critical="yes"></status>
</test>
<test id="s1-s1-t3" name="Marcando opcao com Xpath">
<kw name="Nova sessão" library="base" type="setup">
<kw name="Open Browser" library="SeleniumLibrary">
<doc>Opens a new browser instance to the optional ``url``.</doc>
<arguments>
<arg>${url}</arg>
<arg>chrome</arg>
</arguments>
<msg timestamp="20200910 21:51:59.310" level="INFO">Opening browser 'chrome' to base url 'https://training-wheels-protocol.herokuapp.com'.</msg>
<status status="PASS" starttime="20200910 21:51:59.310" endtime="20200910 21:52:04.373"></status>
</kw>
<status status="PASS" starttime="20200910 21:51:59.310" endtime="20200910 21:52:04.373"></status>
</kw>
<kw name="Go To" library="SeleniumLibrary">
<doc>Navigates the current browser window to the provided ``url``.</doc>
<arguments>
<arg>${url}/checkboxes</arg>
</arguments>
<msg timestamp="20200910 21:52:04.374" level="INFO">Opening url 'https://training-wheels-protocol.herokuapp.com/checkboxes'</msg>
<status status="PASS" starttime="20200910 21:52:04.373" endtime="20200910 21:52:04.620"></status>
</kw>
<kw name="Select Checkbox" library="SeleniumLibrary">
<doc>Selects the checkbox identified by ``locator``.</doc>
<arguments>
<arg>${check_panther}</arg>
</arguments>
<msg timestamp="20200910 21:52:04.620" level="INFO">Selecting checkbox 'xpath://*[@id='checkboxes']/input[7]'.</msg>
<status status="PASS" starttime="20200910 21:52:04.620" endtime="20200910 21:52:04.664"></status>
</kw>
<kw name="Checkbox Should Be Selected" library="SeleniumLibrary">
<doc>Verifies checkbox ``locator`` is selected/checked.</doc>
<arguments>
<arg>${check_panther}</arg>
</arguments>
<msg timestamp="20200910 21:52:04.664" level="INFO">Verifying checkbox 'xpath://*[@id='checkboxes']/input[7]' is selected.</msg>
<status status="PASS" starttime="20200910 21:52:04.664" endtime="20200910 21:52:04.677"></status>
</kw>
<kw name="Encerra sessão" library="base" type="teardown">
<kw name="Capture Page Screenshot" library="SeleniumLibrary">
<doc>Takes a screenshot of the current page and embeds it into a log file.</doc>
<msg timestamp="20200910 21:52:04.985" level="INFO" html="yes">&lt;/td&gt;&lt;/tr&gt;&lt;tr&gt;&lt;td colspan="3"&gt;&lt;a href="selenium-screenshot-7.png"&gt;&lt;img src="selenium-screenshot-7.png" width="800px"&gt;&lt;/a&gt;</msg>
<status status="PASS" starttime="20200910 21:52:04.678" endtime="20200910 21:52:04.985"></status>
</kw>
<kw name="Close Browser" library="SeleniumLibrary">
<doc>Closes the current browser.</doc>
<status status="PASS" starttime="20200910 21:52:04.985" endtime="20200910 21:52:07.061"></status>
</kw>
<status status="PASS" starttime="20200910 21:52:04.677" endtime="20200910 21:52:07.061"></status>
</kw>
<tags>
<tag>panther</tag>
</tags>
<status status="PASS" starttime="20200910 21:51:59.310" endtime="20200910 21:52:07.061" critical="yes"></status>
</test>
<status status="PASS" starttime="20200910 21:51:43.374" endtime="20200910 21:52:07.061"></status>
</suite>
<suite id="s1-s2" name="Title" source="C:\Users\luan\qa\robot\web\tests\title.robot">
<test id="s1-s2-t1" name="Should see page title">
<kw name="Nova sessão" library="base" type="setup">
<kw name="Open Browser" library="SeleniumLibrary">
<doc>Opens a new browser instance to the optional ``url``.</doc>
<arguments>
<arg>${url}</arg>
<arg>chrome</arg>
</arguments>
<msg timestamp="20200910 21:52:07.061" level="INFO">Opening browser 'chrome' to base url 'https://training-wheels-protocol.herokuapp.com'.</msg>
<status status="PASS" starttime="20200910 21:52:07.061" endtime="20200910 21:52:12.471"></status>
</kw>
<status status="PASS" starttime="20200910 21:52:07.061" endtime="20200910 21:52:12.471"></status>
</kw>
<kw name="Title Should Be" library="SeleniumLibrary">
<doc>Verifies that the current page title equals ``title``.</doc>
<arguments>
<arg>Training Wheels Protocol</arg>
</arguments>
<msg timestamp="20200910 21:52:12.474" level="INFO">Page title is 'Training Wheels Protocol'.</msg>
<status status="PASS" starttime="20200910 21:52:12.471" endtime="20200910 21:52:12.474"></status>
</kw>
<kw name="Encerra sessão" library="base" type="teardown">
<kw name="Capture Page Screenshot" library="SeleniumLibrary">
<doc>Takes a screenshot of the current page and embeds it into a log file.</doc>
<msg timestamp="20200910 21:52:12.777" level="INFO" html="yes">&lt;/td&gt;&lt;/tr&gt;&lt;tr&gt;&lt;td colspan="3"&gt;&lt;a href="selenium-screenshot-8.png"&gt;&lt;img src="selenium-screenshot-8.png" width="800px"&gt;&lt;/a&gt;</msg>
<status status="PASS" starttime="20200910 21:52:12.475" endtime="20200910 21:52:12.777"></status>
</kw>
<kw name="Close Browser" library="SeleniumLibrary">
<doc>Closes the current browser.</doc>
<status status="PASS" starttime="20200910 21:52:12.778" endtime="20200910 21:52:14.849"></status>
</kw>
<status status="PASS" starttime="20200910 21:52:12.474" endtime="20200910 21:52:14.849"></status>
</kw>
<status status="PASS" starttime="20200910 21:52:07.061" endtime="20200910 21:52:14.849" critical="yes"></status>
</test>
<status status="PASS" starttime="20200910 21:52:07.061" endtime="20200910 21:52:14.850"></status>
</suite>
<status status="PASS" starttime="20200910 21:51:43.354" endtime="20200910 21:52:14.853"></status>
</suite>
<statistics>
<total>
<stat pass="4" fail="0">Critical Tests</stat>
<stat pass="4" fail="0">All Tests</stat>
</total>
<tag>
<stat pass="1" fail="0">ironman</stat>
<stat pass="1" fail="0">panther</stat>
<stat pass="1" fail="0">thor</stat>
</tag>
<suite>
<stat pass="4" fail="0" id="s1" name="Tests">Tests</stat>
<stat pass="3" fail="0" id="s1-s1" name="Checkbox">Tests.Checkbox</stat>
<stat pass="1" fail="0" id="s1-s2" name="Title">Tests.Title</stat>
</suite>
</statistics>
<errors>
</errors>
</robot>
