<?xml version="1.0" encoding="UTF-8"?>
<robot generator="Robot 3.2.2 (Python 3.8.5 on win32)" generated="20200910 23:35:19.381" rpa="false">
<suite id="s1" name="Login Form" source="C:\Users\luan\qa\robot\web\tests\login_form.robot">
<test id="s1-t1" name="Login com sucesso">
<kw name="Nova sessão" library="base" type="setup">
<kw name="Open Browser" library="SeleniumLibrary">
<doc>Opens a new browser instance to the optional ``url``.</doc>
<arguments>
<arg>${url}</arg>
<arg>chrome</arg>
</arguments>
<msg timestamp="20200910 23:35:19.538" level="INFO">Opening browser 'chrome' to base url 'https://training-wheels-protocol.herokuapp.com'.</msg>
<status status="PASS" starttime="20200910 23:35:19.538" endtime="20200910 23:35:25.384"></status>
</kw>
<status status="PASS" starttime="20200910 23:35:19.538" endtime="20200910 23:35:25.384"></status>
</kw>
<kw name="Go To" library="SeleniumLibrary">
<doc>Navigates the current browser window to the provided ``url``.</doc>
<arguments>
<arg>${url}/login</arg>
</arguments>
<msg timestamp="20200910 23:35:25.384" level="INFO">Opening url 'https://training-wheels-protocol.herokuapp.com/login'</msg>
<status status="PASS" starttime="20200910 23:35:25.384" endtime="20200910 23:35:25.832"></status>
</kw>
<kw name="Login With">
<arguments>
<arg>stark</arg>
<arg>jarvis!</arg>
</arguments>
<kw name="Input Text" library="SeleniumLibrary">
<doc>Types the given ``text`` into the text field identified by ``locator``.</doc>
<arguments>
<arg>css:input[name=username]</arg>
<arg>${uname}</arg>
</arguments>
<msg timestamp="20200910 23:35:25.833" level="INFO">Typing text 'stark' into text field 'css:input[name=username]'.</msg>
<status status="PASS" starttime="20200910 23:35:25.832" endtime="20200910 23:35:25.878"></status>
</kw>
<kw name="Input Text" library="SeleniumLibrary">
<doc>Types the given ``text`` into the text field identified by ``locator``.</doc>
<arguments>
<arg>css:input[name=password]</arg>
<arg>${pass}</arg>
</arguments>
<msg timestamp="20200910 23:35:25.878" level="INFO">Typing text 'jarvis!' into text field 'css:input[name=password]'.</msg>
<status status="PASS" starttime="20200910 23:35:25.878" endtime="20200910 23:35:25.924"></status>
</kw>
<kw name="Click Element" library="SeleniumLibrary">
<doc>Click the element identified by ``locator``.</doc>
<arguments>
<arg>class:btn-login</arg>
</arguments>
<msg timestamp="20200910 23:35:25.925" level="INFO">Clicking element 'class:btn-login'.</msg>
<status status="PASS" starttime="20200910 23:35:25.925" endtime="20200910 23:35:26.408"></status>
</kw>
<status status="PASS" starttime="20200910 23:35:25.832" endtime="20200910 23:35:26.408"></status>
</kw>
<kw name="Should See Logged User">
<arguments>
<arg>Tony Stark.</arg>
</arguments>
<kw name="Page Should Contain" library="SeleniumLibrary">
<doc>Verifies that current page contains ``text``.</doc>
<arguments>
<arg>'Olá, ${full_name}. Você acessou a área logada!</arg>
</arguments>
<kw name="Capture Page Screenshot" library="SeleniumLibrary">
<doc>Takes a screenshot of the current page and embeds it into a log file.</doc>
<msg timestamp="20200910 23:35:26.740" level="INFO" html="yes">&lt;/td&gt;&lt;/tr&gt;&lt;tr&gt;&lt;td colspan="3"&gt;&lt;a href="selenium-screenshot-52.png"&gt;&lt;img src="selenium-screenshot-52.png" width="800px"&gt;&lt;/a&gt;</msg>
<status status="PASS" starttime="20200910 23:35:26.427" endtime="20200910 23:35:26.740"></status>
</kw>
<msg timestamp="20200910 23:35:26.741" level="FAIL">Page should have contained text ''Olá, Tony Stark.. Você acessou a área logada!' but did not.</msg>
<status status="FAIL" starttime="20200910 23:35:26.408" endtime="20200910 23:35:26.741"></status>
</kw>
<status status="FAIL" starttime="20200910 23:35:26.408" endtime="20200910 23:35:26.742"></status>
</kw>
<kw name="Encerra sessão" library="base" type="teardown">
<kw name="Capture Page Screenshot" library="SeleniumLibrary">
<doc>Takes a screenshot of the current page and embeds it into a log file.</doc>
<msg timestamp="20200910 23:35:27.022" level="INFO" html="yes">&lt;/td&gt;&lt;/tr&gt;&lt;tr&gt;&lt;td colspan="3"&gt;&lt;a href="selenium-screenshot-53.png"&gt;&lt;img src="selenium-screenshot-53.png" width="800px"&gt;&lt;/a&gt;</msg>
<status status="PASS" starttime="20200910 23:35:26.742" endtime="20200910 23:35:27.022"></status>
</kw>
<kw name="Close Browser" library="SeleniumLibrary">
<doc>Closes the current browser.</doc>
<status status="PASS" starttime="20200910 23:35:27.022" endtime="20200910 23:35:29.093"></status>
</kw>
<status status="PASS" starttime="20200910 23:35:26.742" endtime="20200910 23:35:29.093"></status>
</kw>
<tags>
<tag>login_success</tag>
</tags>
<status status="FAIL" starttime="20200910 23:35:19.538" endtime="20200910 23:35:29.093" critical="yes">Page should have contained text ''Olá, Tony Stark.. Você acessou a área logada!' but did not.</status>
</test>
<test id="s1-t2" name="Senha Invalida">
<kw name="Nova sessão" library="base" type="setup">
<kw name="Open Browser" library="SeleniumLibrary">
<doc>Opens a new browser instance to the optional ``url``.</doc>
<arguments>
<arg>${url}</arg>
<arg>chrome</arg>
</arguments>
<msg timestamp="20200910 23:35:29.095" level="INFO">Opening browser 'chrome' to base url 'https://training-wheels-protocol.herokuapp.com'.</msg>
<status status="PASS" starttime="20200910 23:35:29.095" endtime="20200910 23:35:34.198"></status>
</kw>
<status status="PASS" starttime="20200910 23:35:29.094" endtime="20200910 23:35:34.198"></status>
</kw>
<kw name="Go To" library="SeleniumLibrary">
<doc>Navigates the current browser window to the provided ``url``.</doc>
<arguments>
<arg>${url}/login</arg>
</arguments>
<msg timestamp="20200910 23:35:34.199" level="INFO">Opening url 'https://training-wheels-protocol.herokuapp.com/login'</msg>
<status status="PASS" starttime="20200910 23:35:34.199" endtime="20200910 23:35:34.659"></status>
</kw>
<kw name="Login With">
<arguments>
<arg>stark</arg>
<arg>123</arg>
</arguments>
<kw name="Input Text" library="SeleniumLibrary">
<doc>Types the given ``text`` into the text field identified by ``locator``.</doc>
<arguments>
<arg>css:input[name=username]</arg>
<arg>${uname}</arg>
</arguments>
<msg timestamp="20200910 23:35:34.660" level="INFO">Typing text 'stark' into text field 'css:input[name=username]'.</msg>
<status status="PASS" starttime="20200910 23:35:34.659" endtime="20200910 23:35:34.706"></status>
</kw>
<kw name="Input Text" library="SeleniumLibrary">
<doc>Types the given ``text`` into the text field identified by ``locator``.</doc>
<arguments>
<arg>css:input[name=password]</arg>
<arg>${pass}</arg>
</arguments>
<msg timestamp="20200910 23:35:34.706" level="INFO">Typing text '123' into text field 'css:input[name=password]'.</msg>
<status status="PASS" starttime="20200910 23:35:34.706" endtime="20200910 23:35:34.751"></status>
</kw>
<kw name="Click Element" library="SeleniumLibrary">
<doc>Click the element identified by ``locator``.</doc>
<arguments>
<arg>class:btn-login</arg>
</arguments>
<msg timestamp="20200910 23:35:34.751" level="INFO">Clicking element 'class:btn-login'.</msg>
<status status="PASS" starttime="20200910 23:35:34.751" endtime="20200910 23:35:35.209"></status>
</kw>
<status status="PASS" starttime="20200910 23:35:34.659" endtime="20200910 23:35:35.209"></status>
</kw>
<kw name="Should Contain Login Alert">
<arguments>
<arg>Senha é invalida!</arg>
</arguments>
<kw name="Get WebElement" library="SeleniumLibrary">
<doc>Returns the first WebElement matching the given ``locator``.</doc>
<arguments>
<arg>id:flash</arg>
</arguments>
<assign>
<var>${message}</var>
</assign>
<msg timestamp="20200910 23:35:35.217" level="INFO">${message} = &lt;selenium.webdriver.remote.webelement.WebElement (session="b95bcc72703df63e7a1e66f716fbaa1f", element="f386df70-5d3b-410d-897e-1046c689503a")&gt;</msg>
<status status="PASS" starttime="20200910 23:35:35.210" endtime="20200910 23:35:35.217"></status>
</kw>
<kw name="Should Contain" library="BuiltIn">
<doc>Fails if ``container`` does not contain ``item`` one or more times.</doc>
<arguments>
<arg>${message.text}</arg>
<arg>${expect_message}</arg>
</arguments>
<status status="PASS" starttime="20200910 23:35:35.218" endtime="20200910 23:35:35.226"></status>
</kw>
<status status="PASS" starttime="20200910 23:35:35.209" endtime="20200910 23:35:35.226"></status>
</kw>
<kw name="Encerra sessão" library="base" type="teardown">
<kw name="Capture Page Screenshot" library="SeleniumLibrary">
<doc>Takes a screenshot of the current page and embeds it into a log file.</doc>
<msg timestamp="20200910 23:35:35.551" level="INFO" html="yes">&lt;/td&gt;&lt;/tr&gt;&lt;tr&gt;&lt;td colspan="3"&gt;&lt;a href="selenium-screenshot-54.png"&gt;&lt;img src="selenium-screenshot-54.png" width="800px"&gt;&lt;/a&gt;</msg>
<status status="PASS" starttime="20200910 23:35:35.227" endtime="20200910 23:35:35.551"></status>
</kw>
<kw name="Close Browser" library="SeleniumLibrary">
<doc>Closes the current browser.</doc>
<status status="PASS" starttime="20200910 23:35:35.551" endtime="20200910 23:35:37.616"></status>
</kw>
<status status="PASS" starttime="20200910 23:35:35.226" endtime="20200910 23:35:37.616"></status>
</kw>
<tags>
<tag>login_error</tag>
</tags>
<status status="PASS" starttime="20200910 23:35:29.094" endtime="20200910 23:35:37.616" critical="yes"></status>
</test>
<test id="s1-t3" name="Usuario nao existe">
<kw name="Nova sessão" library="base" type="setup">
<kw name="Open Browser" library="SeleniumLibrary">
<doc>Opens a new browser instance to the optional ``url``.</doc>
<arguments>
<arg>${url}</arg>
<arg>chrome</arg>
</arguments>
<msg timestamp="20200910 23:35:37.616" level="INFO">Opening browser 'chrome' to base url 'https://training-wheels-protocol.herokuapp.com'.</msg>
<status status="PASS" starttime="20200910 23:35:37.616" endtime="20200910 23:35:42.640"></status>
</kw>
<status status="PASS" starttime="20200910 23:35:37.616" endtime="20200910 23:35:42.640"></status>
</kw>
<kw name="Go To" library="SeleniumLibrary">
<doc>Navigates the current browser window to the provided ``url``.</doc>
<arguments>
<arg>${url}/login</arg>
</arguments>
<msg timestamp="20200910 23:35:42.640" level="INFO">Opening url 'https://training-wheels-protocol.herokuapp.com/login'</msg>
<status status="PASS" starttime="20200910 23:35:42.640" endtime="20200910 23:35:43.105"></status>
</kw>
<kw name="Login With">
<arguments>
<arg>luan</arg>
<arg>123</arg>
</arguments>
<kw name="Input Text" library="SeleniumLibrary">
<doc>Types the given ``text`` into the text field identified by ``locator``.</doc>
<arguments>
<arg>css:input[name=username]</arg>
<arg>${uname}</arg>
</arguments>
<msg timestamp="20200910 23:35:43.106" level="INFO">Typing text 'luan' into text field 'css:input[name=username]'.</msg>
<status status="PASS" starttime="20200910 23:35:43.106" endtime="20200910 23:35:43.154"></status>
</kw>
<kw name="Input Text" library="SeleniumLibrary">
<doc>Types the given ``text`` into the text field identified by ``locator``.</doc>
<arguments>
<arg>css:input[name=password]</arg>
<arg>${pass}</arg>
</arguments>
<msg timestamp="20200910 23:35:43.155" level="INFO">Typing text '123' into text field 'css:input[name=password]'.</msg>
<status status="PASS" starttime="20200910 23:35:43.155" endtime="20200910 23:35:43.201"></status>
</kw>
<kw name="Click Element" library="SeleniumLibrary">
<doc>Click the element identified by ``locator``.</doc>
<arguments>
<arg>class:btn-login</arg>
</arguments>
<msg timestamp="20200910 23:35:43.201" level="INFO">Clicking element 'class:btn-login'.</msg>
<status status="PASS" starttime="20200910 23:35:43.201" endtime="20200910 23:35:43.690"></status>
</kw>
<status status="PASS" starttime="20200910 23:35:43.105" endtime="20200910 23:35:43.691"></status>
</kw>
<kw name="Should Contain Login Alert">
<arguments>
<arg>O usuário informado não está cadastrado!</arg>
</arguments>
<kw name="Get WebElement" library="SeleniumLibrary">
<doc>Returns the first WebElement matching the given ``locator``.</doc>
<arguments>
<arg>id:flash</arg>
</arguments>
<assign>
<var>${message}</var>
</assign>
<msg timestamp="20200910 23:35:43.698" level="INFO">${message} = &lt;selenium.webdriver.remote.webelement.WebElement (session="37ceb92ae56d106f18d6a1f4aa192f35", element="6dcfb6b9-d574-4dd7-903e-e65cc7eaa218")&gt;</msg>
<status status="PASS" starttime="20200910 23:35:43.691" endtime="20200910 23:35:43.698"></status>
</kw>
<kw name="Should Contain" library="BuiltIn">
<doc>Fails if ``container`` does not contain ``item`` one or more times.</doc>
<arguments>
<arg>${message.text}</arg>
<arg>${expect_message}</arg>
</arguments>
<status status="PASS" starttime="20200910 23:35:43.698" endtime="20200910 23:35:43.706"></status>
</kw>
<status status="PASS" starttime="20200910 23:35:43.691" endtime="20200910 23:35:43.707"></status>
</kw>
<kw name="Encerra sessão" library="base" type="teardown">
<kw name="Capture Page Screenshot" library="SeleniumLibrary">
<doc>Takes a screenshot of the current page and embeds it into a log file.</doc>
<msg timestamp="20200910 23:35:44.031" level="INFO" html="yes">&lt;/td&gt;&lt;/tr&gt;&lt;tr&gt;&lt;td colspan="3"&gt;&lt;a href="selenium-screenshot-55.png"&gt;&lt;img src="selenium-screenshot-55.png" width="800px"&gt;&lt;/a&gt;</msg>
<status status="PASS" starttime="20200910 23:35:43.707" endtime="20200910 23:35:44.032"></status>
</kw>
<kw name="Close Browser" library="SeleniumLibrary">
<doc>Closes the current browser.</doc>
<status status="PASS" starttime="20200910 23:35:44.032" endtime="20200910 23:35:46.102"></status>
</kw>
<status status="PASS" starttime="20200910 23:35:43.707" endtime="20200910 23:35:46.102"></status>
</kw>
<tags>
<tag>login_error</tag>
</tags>
<status status="PASS" starttime="20200910 23:35:37.616" endtime="20200910 23:35:46.102" critical="yes"></status>
</test>
<status status="FAIL" starttime="20200910 23:35:19.381" endtime="20200910 23:35:46.102"></status>
</suite>
<statistics>
<total>
<stat pass="2" fail="1">Critical Tests</stat>
<stat pass="2" fail="1">All Tests</stat>
</total>
<tag>
<stat pass="2" fail="0">login_error</stat>
<stat pass="0" fail="1">login_success</stat>
</tag>
<suite>
<stat pass="2" fail="1" id="s1" name="Login Form">Login Form</stat>
</suite>
</statistics>
<errors>
</errors>
</robot>
