<?xml version="1.0" encoding="UTF-8"?>
<robot generator="Robot 3.2.2 (Python 3.8.5 on win32)" generated="20200910 19:34:41.813" rpa="false">
<suite id="s1" name="Tests" source="C:\Users\luan\qa\robot\web\tests">
<suite id="s1-s1" name="Checkbox" source="C:\Users\luan\qa\robot\web\tests\checkbox.robot">
<test id="s1-s1-t1" name="Marcando opcao com ID">
<kw name="Nova sessão" library="base" type="setup">
<kw name="Open Browser" library="SeleniumLibrary">
<doc>Opens a new browser instance to the optional ``url``.</doc>
<arguments>
<arg>${url}</arg>
<arg>chrome</arg>
</arguments>
<msg timestamp="20200910 19:34:41.982" level="INFO">Opening browser 'chrome' to base url 'https://training-wheels-protocol.herokuapp.com'.</msg>
<status status="PASS" starttime="20200910 19:34:41.982" endtime="20200910 19:34:46.969"></status>
</kw>
<status status="PASS" starttime="20200910 19:34:41.982" endtime="20200910 19:34:46.969"></status>
</kw>
<kw name="Go To" library="SeleniumLibrary">
<doc>Navigates the current browser window to the provided ``url``.</doc>
<arguments>
<arg>${url}/checkboxes</arg>
</arguments>
<msg timestamp="20200910 19:34:46.970" level="INFO">Opening url 'https://training-wheels-protocol.herokuapp.com/checkboxes'</msg>
<status status="PASS" starttime="20200910 19:34:46.969" endtime="20200910 19:34:47.205"></status>
</kw>
<kw name="Select Checkbox" library="SeleniumLibrary">
<doc>Selects the checkbox identified by ``locator``.</doc>
<arguments>
<arg>${check_thor}</arg>
</arguments>
<msg timestamp="20200910 19:34:47.206" level="INFO">Selecting checkbox 'id:thor'.</msg>
<status status="PASS" starttime="20200910 19:34:47.205" endtime="20200910 19:34:47.250"></status>
</kw>
<kw name="Checkbox Should Be Selected" library="SeleniumLibrary">
<doc>Verifies checkbox ``locator`` is selected/checked.</doc>
<arguments>
<arg>${check_thor}</arg>
</arguments>
<msg timestamp="20200910 19:34:47.250" level="INFO">Verifying checkbox 'id:thor' is selected.</msg>
<status status="PASS" starttime="20200910 19:34:47.250" endtime="20200910 19:34:47.262"></status>
</kw>
<kw name="Encerra sessão" library="base" type="teardown">
<kw name="Close Browser" library="SeleniumLibrary">
<doc>Closes the current browser.</doc>
<status status="PASS" starttime="20200910 19:34:47.263" endtime="20200910 19:34:49.322"></status>
</kw>
<status status="PASS" starttime="20200910 19:34:47.263" endtime="20200910 19:34:49.322"></status>
</kw>
<tags>
<tag>thor</tag>
</tags>
<status status="PASS" starttime="20200910 19:34:41.982" endtime="20200910 19:34:49.322" critical="yes"></status>
</test>
<test id="s1-s1-t2" name="Marcando opcao com CSS Selector">
<kw name="Nova sessão" library="base" type="setup">
<kw name="Open Browser" library="SeleniumLibrary">
<doc>Opens a new browser instance to the optional ``url``.</doc>
<arguments>
<arg>${url}</arg>
<arg>chrome</arg>
</arguments>
<msg timestamp="20200910 19:34:49.324" level="INFO">Opening browser 'chrome' to base url 'https://training-wheels-protocol.herokuapp.com'.</msg>
<status status="PASS" starttime="20200910 19:34:49.324" endtime="20200910 19:34:54.283"></status>
</kw>
<status status="PASS" starttime="20200910 19:34:49.324" endtime="20200910 19:34:54.284"></status>
</kw>
<kw name="Go To" library="SeleniumLibrary">
<doc>Navigates the current browser window to the provided ``url``.</doc>
<arguments>
<arg>${url}/checkboxes</arg>
</arguments>
<msg timestamp="20200910 19:34:54.284" level="INFO">Opening url 'https://training-wheels-protocol.herokuapp.com/checkboxes'</msg>
<status status="PASS" starttime="20200910 19:34:54.284" endtime="20200910 19:34:54.511"></status>
</kw>
<kw name="Select Checkbox" library="SeleniumLibrary">
<doc>Selects the checkbox identified by ``locator``.</doc>
<arguments>
<arg>${check_iron}</arg>
</arguments>
<msg timestamp="20200910 19:34:54.512" level="INFO">Selecting checkbox 'css:input[value='iron-man']'.</msg>
<status status="PASS" starttime="20200910 19:34:54.511" endtime="20200910 19:34:54.556"></status>
</kw>
<kw name="Checkbox Should Be Selected" library="SeleniumLibrary">
<doc>Verifies checkbox ``locator`` is selected/checked.</doc>
<arguments>
<arg>${check_iron}</arg>
</arguments>
<msg timestamp="20200910 19:34:54.557" level="INFO">Verifying checkbox 'css:input[value='iron-man']' is selected.</msg>
<status status="PASS" starttime="20200910 19:34:54.557" endtime="20200910 19:34:54.569"></status>
</kw>
<kw name="Encerra sessão" library="base" type="teardown">
<kw name="Close Browser" library="SeleniumLibrary">
<doc>Closes the current browser.</doc>
<status status="PASS" starttime="20200910 19:34:54.570" endtime="20200910 19:34:56.630"></status>
</kw>
<status status="PASS" starttime="20200910 19:34:54.569" endtime="20200910 19:34:56.630"></status>
</kw>
<tags>
<tag>ironman</tag>
</tags>
<status status="PASS" starttime="20200910 19:34:49.323" endtime="20200910 19:34:56.630" critical="yes"></status>
</test>
<test id="s1-s1-t3" name="Marcando opcao com Xpath">
<kw name="Nova sessão" library="base" type="setup">
<kw name="Open Browser" library="SeleniumLibrary">
<doc>Opens a new browser instance to the optional ``url``.</doc>
<arguments>
<arg>${url}</arg>
<arg>chrome</arg>
</arguments>
<msg timestamp="20200910 19:34:56.633" level="INFO">Opening browser 'chrome' to base url 'https://training-wheels-protocol.herokuapp.com'.</msg>
<status status="PASS" starttime="20200910 19:34:56.632" endtime="20200910 19:35:01.606"></status>
</kw>
<status status="PASS" starttime="20200910 19:34:56.632" endtime="20200910 19:35:01.606"></status>
</kw>
<kw name="Go To" library="SeleniumLibrary">
<doc>Navigates the current browser window to the provided ``url``.</doc>
<arguments>
<arg>${url}/checkboxes</arg>
</arguments>
<msg timestamp="20200910 19:35:01.607" level="INFO">Opening url 'https://training-wheels-protocol.herokuapp.com/checkboxes'</msg>
<status status="PASS" starttime="20200910 19:35:01.606" endtime="20200910 19:35:01.849"></status>
</kw>
<kw name="Select Checkbox" library="SeleniumLibrary">
<doc>Selects the checkbox identified by ``locator``.</doc>
<arguments>
<arg>${check_panther}</arg>
</arguments>
<msg timestamp="20200910 19:35:01.850" level="INFO">Selecting checkbox 'xpath://*[@id='checkboxes']/input[7]'.</msg>
<status status="PASS" starttime="20200910 19:35:01.850" endtime="20200910 19:35:01.897"></status>
</kw>
<kw name="Checkbox Should Be Selected" library="SeleniumLibrary">
<doc>Verifies checkbox ``locator`` is selected/checked.</doc>
<arguments>
<arg>${check_panther}</arg>
</arguments>
<msg timestamp="20200910 19:35:01.898" level="INFO">Verifying checkbox 'xpath://*[@id='checkboxes']/input[7]' is selected.</msg>
<status status="PASS" starttime="20200910 19:35:01.897" endtime="20200910 19:35:01.911"></status>
</kw>
<kw name="Encerra sessão" library="base" type="teardown">
<kw name="Close Browser" library="SeleniumLibrary">
<doc>Closes the current browser.</doc>
<status status="PASS" starttime="20200910 19:35:01.911" endtime="20200910 19:35:03.975"></status>
</kw>
<status status="PASS" starttime="20200910 19:35:01.911" endtime="20200910 19:35:03.975"></status>
</kw>
<tags>
<tag>panther</tag>
</tags>
<status status="PASS" starttime="20200910 19:34:56.631" endtime="20200910 19:35:03.975" critical="yes"></status>
</test>
<status status="PASS" starttime="20200910 19:34:41.834" endtime="20200910 19:35:03.976"></status>
</suite>
<suite id="s1-s2" name="Title" source="C:\Users\luan\qa\robot\web\tests\title.robot">
<test id="s1-s2-t1" name="Should see page title">
<kw name="Nova sessão" library="base" type="setup">
<kw name="Open Browser" library="SeleniumLibrary">
<doc>Opens a new browser instance to the optional ``url``.</doc>
<arguments>
<arg>${url}</arg>
<arg>chrome</arg>
</arguments>
<msg timestamp="20200910 19:35:03.983" level="INFO">Opening browser 'chrome' to base url 'https://training-wheels-protocol.herokuapp.com'.</msg>
<status status="PASS" starttime="20200910 19:35:03.983" endtime="20200910 19:35:08.953"></status>
</kw>
<status status="PASS" starttime="20200910 19:35:03.982" endtime="20200910 19:35:08.953"></status>
</kw>
<kw name="Title Should Be" library="SeleniumLibrary">
<doc>Verifies that the current page title equals ``title``.</doc>
<arguments>
<arg>Training Wheels Protocol</arg>
</arguments>
<msg timestamp="20200910 19:35:08.956" level="INFO">Page title is 'Training Wheels Protocol'.</msg>
<status status="PASS" starttime="20200910 19:35:08.953" endtime="20200910 19:35:08.956"></status>
</kw>
<kw name="Encerra sessão" library="base" type="teardown">
<kw name="Close Browser" library="SeleniumLibrary">
<doc>Closes the current browser.</doc>
<status status="PASS" starttime="20200910 19:35:08.957" endtime="20200910 19:35:11.015"></status>
</kw>
<status status="PASS" starttime="20200910 19:35:08.956" endtime="20200910 19:35:11.015"></status>
</kw>
<status status="PASS" starttime="20200910 19:35:03.982" endtime="20200910 19:35:11.015" critical="yes"></status>
</test>
<status status="PASS" starttime="20200910 19:35:03.978" endtime="20200910 19:35:11.016"></status>
</suite>
<status status="PASS" starttime="20200910 19:34:41.815" endtime="20200910 19:35:11.019"></status>
</suite>
<statistics>
<total>
<stat pass="4" fail="0">Critical Tests</stat>
<stat pass="4" fail="0">All Tests</stat>
</total>
<tag>
<stat pass="1" fail="0">ironman</stat>
<stat pass="1" fail="0">panther</stat>
<stat pass="1" fail="0">thor</stat>
</tag>
<suite>
<stat pass="4" fail="0" id="s1" name="Tests">Tests</stat>
<stat pass="3" fail="0" id="s1-s1" name="Checkbox">Tests.Checkbox</stat>
<stat pass="1" fail="0" id="s1-s2" name="Title">Tests.Title</stat>
</suite>
</statistics>
<errors>
</errors>
</robot>
