<?xml version="1.0" encoding="UTF-8"?>
<robot generator="Robot 3.2.2 (Python 3.8.5 on win32)" generated="20200915 17:23:30.361" rpa="false">
<suite id="s1" name="Login Form" source="C:\Users\luan\qa\robot\web\tests\login_form.robot">
<test id="s1-t1" name="Login com sucesso">
<kw name="Nova sessão" library="base" type="setup">
<kw name="Open Browser" library="SeleniumLibrary">
<doc>Opens a new browser instance to the optional ``url``.</doc>
<arguments>
<arg>${url}</arg>
<arg>chrome</arg>
</arguments>
<msg timestamp="20200915 17:23:30.517" level="INFO">Opening browser 'chrome' to base url 'https://training-wheels-protocol.herokuapp.com'.</msg>
<status status="PASS" starttime="20200915 17:23:30.517" endtime="20200915 17:23:36.715"></status>
</kw>
<status status="PASS" starttime="20200915 17:23:30.517" endtime="20200915 17:23:36.716"></status>
</kw>
<kw name="Go To" library="SeleniumLibrary">
<doc>Navigates the current browser window to the provided ``url``.</doc>
<arguments>
<arg>${url}/login</arg>
</arguments>
<msg timestamp="20200915 17:23:36.716" level="INFO">Opening url 'https://training-wheels-protocol.herokuapp.com/login'</msg>
<status status="PASS" starttime="20200915 17:23:36.716" endtime="20200915 17:23:37.175"></status>
</kw>
<kw name="Login With">
<arguments>
<arg>stark</arg>
<arg>jarvis!</arg>
</arguments>
<kw name="Input Text" library="SeleniumLibrary">
<doc>Types the given ``text`` into the text field identified by ``locator``.</doc>
<arguments>
<arg>css:input[name=username]</arg>
<arg>${uname}</arg>
</arguments>
<msg timestamp="20200915 17:23:37.176" level="INFO">Typing text 'stark' into text field 'css:input[name=username]'.</msg>
<status status="PASS" starttime="20200915 17:23:37.176" endtime="20200915 17:23:37.224"></status>
</kw>
<kw name="Input Text" library="SeleniumLibrary">
<doc>Types the given ``text`` into the text field identified by ``locator``.</doc>
<arguments>
<arg>css:input[name=password]</arg>
<arg>${pass}</arg>
</arguments>
<msg timestamp="20200915 17:23:37.224" level="INFO">Typing text 'jarvis!' into text field 'css:input[name=password]'.</msg>
<status status="PASS" starttime="20200915 17:23:37.224" endtime="20200915 17:23:37.272"></status>
</kw>
<kw name="Click Element" library="SeleniumLibrary">
<doc>Click the element identified by ``locator``.</doc>
<arguments>
<arg>class:btn-login</arg>
</arguments>
<msg timestamp="20200915 17:23:37.272" level="INFO">Clicking element 'class:btn-login'.</msg>
<status status="PASS" starttime="20200915 17:23:37.272" endtime="20200915 17:23:37.736"></status>
</kw>
<status status="PASS" starttime="20200915 17:23:37.176" endtime="20200915 17:23:37.736"></status>
</kw>
<kw name="Should See Logged User">
<arguments>
<arg>Tony Stark.</arg>
</arguments>
<kw name="Page Should Contain" library="SeleniumLibrary">
<doc>Verifies that current page contains ``text``.</doc>
<arguments>
<arg>Olá, ${full_name} Você acessou a área logada!</arg>
</arguments>
<msg timestamp="20200915 17:23:37.746" level="INFO">Current page contains text 'Olá, Tony Stark. Você acessou a área logada!'.</msg>
<status status="PASS" starttime="20200915 17:23:37.736" endtime="20200915 17:23:37.746"></status>
</kw>
<status status="PASS" starttime="20200915 17:23:37.736" endtime="20200915 17:23:37.746"></status>
</kw>
<kw name="Encerra sessão" library="base" type="teardown">
<kw name="Capture Page Screenshot" library="SeleniumLibrary">
<doc>Takes a screenshot of the current page and embeds it into a log file.</doc>
<msg timestamp="20200915 17:23:38.072" level="INFO" html="yes">&lt;/td&gt;&lt;/tr&gt;&lt;tr&gt;&lt;td colspan="3"&gt;&lt;a href="selenium-screenshot-64.png"&gt;&lt;img src="selenium-screenshot-64.png" width="800px"&gt;&lt;/a&gt;</msg>
<status status="PASS" starttime="20200915 17:23:37.746" endtime="20200915 17:23:38.072"></status>
</kw>
<kw name="Close Browser" library="SeleniumLibrary">
<doc>Closes the current browser.</doc>
<status status="PASS" starttime="20200915 17:23:38.072" endtime="20200915 17:23:40.142"></status>
</kw>
<status status="PASS" starttime="20200915 17:23:37.746" endtime="20200915 17:23:40.142"></status>
</kw>
<tags>
<tag>login_success</tag>
</tags>
<status status="PASS" starttime="20200915 17:23:30.517" endtime="20200915 17:23:40.142" critical="yes"></status>
</test>
<test id="s1-t2" name="Senha Invalida">
<kw name="Nova sessão" library="base" type="setup">
<kw name="Open Browser" library="SeleniumLibrary">
<doc>Opens a new browser instance to the optional ``url``.</doc>
<arguments>
<arg>${url}</arg>
<arg>chrome</arg>
</arguments>
<msg timestamp="20200915 17:23:40.142" level="INFO">Opening browser 'chrome' to base url 'https://training-wheels-protocol.herokuapp.com'.</msg>
<status status="PASS" starttime="20200915 17:23:40.142" endtime="20200915 17:23:46.111"></status>
</kw>
<status status="PASS" starttime="20200915 17:23:40.142" endtime="20200915 17:23:46.111"></status>
</kw>
<kw name="Go To" library="SeleniumLibrary">
<doc>Navigates the current browser window to the provided ``url``.</doc>
<arguments>
<arg>${url}/login</arg>
</arguments>
<msg timestamp="20200915 17:23:46.112" level="INFO">Opening url 'https://training-wheels-protocol.herokuapp.com/login'</msg>
<status status="PASS" starttime="20200915 17:23:46.112" endtime="20200915 17:23:46.544"></status>
</kw>
<kw name="Login With">
<arguments>
<arg>stark</arg>
<arg>123</arg>
</arguments>
<kw name="Input Text" library="SeleniumLibrary">
<doc>Types the given ``text`` into the text field identified by ``locator``.</doc>
<arguments>
<arg>css:input[name=username]</arg>
<arg>${uname}</arg>
</arguments>
<msg timestamp="20200915 17:23:46.545" level="INFO">Typing text 'stark' into text field 'css:input[name=username]'.</msg>
<status status="PASS" starttime="20200915 17:23:46.545" endtime="20200915 17:23:46.595"></status>
</kw>
<kw name="Input Text" library="SeleniumLibrary">
<doc>Types the given ``text`` into the text field identified by ``locator``.</doc>
<arguments>
<arg>css:input[name=password]</arg>
<arg>${pass}</arg>
</arguments>
<msg timestamp="20200915 17:23:46.596" level="INFO">Typing text '123' into text field 'css:input[name=password]'.</msg>
<status status="PASS" starttime="20200915 17:23:46.595" endtime="20200915 17:23:46.643"></status>
</kw>
<kw name="Click Element" library="SeleniumLibrary">
<doc>Click the element identified by ``locator``.</doc>
<arguments>
<arg>class:btn-login</arg>
</arguments>
<msg timestamp="20200915 17:23:46.643" level="INFO">Clicking element 'class:btn-login'.</msg>
<status status="PASS" starttime="20200915 17:23:46.643" endtime="20200915 17:23:47.031"></status>
</kw>
<status status="PASS" starttime="20200915 17:23:46.545" endtime="20200915 17:23:47.031"></status>
</kw>
<kw name="Should Contain Login Alert">
<arguments>
<arg>Senha é invalida!</arg>
</arguments>
<kw name="Get WebElement" library="SeleniumLibrary">
<doc>Returns the first WebElement matching the given ``locator``.</doc>
<arguments>
<arg>id:flash</arg>
</arguments>
<assign>
<var>${message}</var>
</assign>
<msg timestamp="20200915 17:23:47.050" level="INFO">${message} = &lt;selenium.webdriver.remote.webelement.WebElement (session="fca7b3de9833e27c6c91b80f81eec174", element="11d018f4-7347-4595-bed8-e23574405721")&gt;</msg>
<status status="PASS" starttime="20200915 17:23:47.032" endtime="20200915 17:23:47.050"></status>
</kw>
<kw name="Should Contain" library="BuiltIn">
<doc>Fails if ``container`` does not contain ``item`` one or more times.</doc>
<arguments>
<arg>${message.text}</arg>
<arg>${expect_message}</arg>
</arguments>
<status status="PASS" starttime="20200915 17:23:47.050" endtime="20200915 17:23:47.061"></status>
</kw>
<status status="PASS" starttime="20200915 17:23:47.031" endtime="20200915 17:23:47.061"></status>
</kw>
<kw name="Encerra sessão" library="base" type="teardown">
<kw name="Capture Page Screenshot" library="SeleniumLibrary">
<doc>Takes a screenshot of the current page and embeds it into a log file.</doc>
<msg timestamp="20200915 17:23:47.381" level="INFO" html="yes">&lt;/td&gt;&lt;/tr&gt;&lt;tr&gt;&lt;td colspan="3"&gt;&lt;a href="selenium-screenshot-65.png"&gt;&lt;img src="selenium-screenshot-65.png" width="800px"&gt;&lt;/a&gt;</msg>
<status status="PASS" starttime="20200915 17:23:47.061" endtime="20200915 17:23:47.382"></status>
</kw>
<kw name="Close Browser" library="SeleniumLibrary">
<doc>Closes the current browser.</doc>
<status status="PASS" starttime="20200915 17:23:47.382" endtime="20200915 17:23:49.462"></status>
</kw>
<status status="PASS" starttime="20200915 17:23:47.061" endtime="20200915 17:23:49.462"></status>
</kw>
<tags>
<tag>login_error</tag>
</tags>
<status status="PASS" starttime="20200915 17:23:40.142" endtime="20200915 17:23:49.462" critical="yes"></status>
</test>
<test id="s1-t3" name="Usuario nao existe">
<kw name="Nova sessão" library="base" type="setup">
<kw name="Open Browser" library="SeleniumLibrary">
<doc>Opens a new browser instance to the optional ``url``.</doc>
<arguments>
<arg>${url}</arg>
<arg>chrome</arg>
</arguments>
<msg timestamp="20200915 17:23:49.462" level="INFO">Opening browser 'chrome' to base url 'https://training-wheels-protocol.herokuapp.com'.</msg>
<status status="PASS" starttime="20200915 17:23:49.462" endtime="20200915 17:23:55.609"></status>
</kw>
<status status="PASS" starttime="20200915 17:23:49.462" endtime="20200915 17:23:55.609"></status>
</kw>
<kw name="Go To" library="SeleniumLibrary">
<doc>Navigates the current browser window to the provided ``url``.</doc>
<arguments>
<arg>${url}/login</arg>
</arguments>
<msg timestamp="20200915 17:23:55.609" level="INFO">Opening url 'https://training-wheels-protocol.herokuapp.com/login'</msg>
<status status="PASS" starttime="20200915 17:23:55.609" endtime="20200915 17:23:56.036"></status>
</kw>
<kw name="Login With">
<arguments>
<arg>luan</arg>
<arg>123</arg>
</arguments>
<kw name="Input Text" library="SeleniumLibrary">
<doc>Types the given ``text`` into the text field identified by ``locator``.</doc>
<arguments>
<arg>css:input[name=username]</arg>
<arg>${uname}</arg>
</arguments>
<msg timestamp="20200915 17:23:56.036" level="INFO">Typing text 'luan' into text field 'css:input[name=username]'.</msg>
<status status="PASS" starttime="20200915 17:23:56.036" endtime="20200915 17:23:56.085"></status>
</kw>
<kw name="Input Text" library="SeleniumLibrary">
<doc>Types the given ``text`` into the text field identified by ``locator``.</doc>
<arguments>
<arg>css:input[name=password]</arg>
<arg>${pass}</arg>
</arguments>
<msg timestamp="20200915 17:23:56.085" level="INFO">Typing text '123' into text field 'css:input[name=password]'.</msg>
<status status="PASS" starttime="20200915 17:23:56.085" endtime="20200915 17:23:56.129"></status>
</kw>
<kw name="Click Element" library="SeleniumLibrary">
<doc>Click the element identified by ``locator``.</doc>
<arguments>
<arg>class:btn-login</arg>
</arguments>
<msg timestamp="20200915 17:23:56.129" level="INFO">Clicking element 'class:btn-login'.</msg>
<status status="PASS" starttime="20200915 17:23:56.129" endtime="20200915 17:23:56.525"></status>
</kw>
<status status="PASS" starttime="20200915 17:23:56.036" endtime="20200915 17:23:56.525"></status>
</kw>
<kw name="Should Contain Login Alert">
<arguments>
<arg>O usuário informado não está cadastrado!</arg>
</arguments>
<kw name="Get WebElement" library="SeleniumLibrary">
<doc>Returns the first WebElement matching the given ``locator``.</doc>
<arguments>
<arg>id:flash</arg>
</arguments>
<assign>
<var>${message}</var>
</assign>
<msg timestamp="20200915 17:23:56.541" level="INFO">${message} = &lt;selenium.webdriver.remote.webelement.WebElement (session="f475058df3c21fa8da19b1d884955ba7", element="1b74768b-64c6-495d-bb20-66be1f629d28")&gt;</msg>
<status status="PASS" starttime="20200915 17:23:56.525" endtime="20200915 17:23:56.541"></status>
</kw>
<kw name="Should Contain" library="BuiltIn">
<doc>Fails if ``container`` does not contain ``item`` one or more times.</doc>
<arguments>
<arg>${message.text}</arg>
<arg>${expect_message}</arg>
</arguments>
<status status="PASS" starttime="20200915 17:23:56.541" endtime="20200915 17:23:56.551"></status>
</kw>
<status status="PASS" starttime="20200915 17:23:56.525" endtime="20200915 17:23:56.551"></status>
</kw>
<kw name="Encerra sessão" library="base" type="teardown">
<kw name="Capture Page Screenshot" library="SeleniumLibrary">
<doc>Takes a screenshot of the current page and embeds it into a log file.</doc>
<msg timestamp="20200915 17:23:56.876" level="INFO" html="yes">&lt;/td&gt;&lt;/tr&gt;&lt;tr&gt;&lt;td colspan="3"&gt;&lt;a href="selenium-screenshot-66.png"&gt;&lt;img src="selenium-screenshot-66.png" width="800px"&gt;&lt;/a&gt;</msg>
<status status="PASS" starttime="20200915 17:23:56.551" endtime="20200915 17:23:56.876"></status>
</kw>
<kw name="Close Browser" library="SeleniumLibrary">
<doc>Closes the current browser.</doc>
<status status="PASS" starttime="20200915 17:23:56.876" endtime="20200915 17:23:58.947"></status>
</kw>
<status status="PASS" starttime="20200915 17:23:56.551" endtime="20200915 17:23:58.947"></status>
</kw>
<tags>
<tag>login_error</tag>
</tags>
<status status="PASS" starttime="20200915 17:23:49.462" endtime="20200915 17:23:58.947" critical="yes"></status>
</test>
<status status="PASS" starttime="20200915 17:23:30.361" endtime="20200915 17:23:58.948"></status>
</suite>
<statistics>
<total>
<stat pass="3" fail="0">Critical Tests</stat>
<stat pass="3" fail="0">All Tests</stat>
</total>
<tag>
<stat pass="2" fail="0">login_error</stat>
<stat pass="1" fail="0">login_success</stat>
</tag>
<suite>
<stat pass="3" fail="0" id="s1" name="Login Form">Login Form</stat>
</suite>
</statistics>
<errors>
</errors>
</robot>
