<?xml version="1.0" encoding="UTF-8"?>
<robot generator="Robot 3.2.2 (Python 3.8.5 on win32)" generated="20200910 23:16:49.209" rpa="false">
<suite id="s1" name="Login Form" source="C:\Users\luan\qa\robot\web\tests\login_form.robot">
<test id="s1-t1" name="Senha Invalida">
<kw name="Nova sessão" library="base" type="setup">
<kw name="Open Browser" library="SeleniumLibrary">
<doc>Opens a new browser instance to the optional ``url``.</doc>
<arguments>
<arg>${url}</arg>
<arg>chrome</arg>
</arguments>
<msg timestamp="20200910 23:16:49.376" level="INFO">Opening browser 'chrome' to base url 'https://training-wheels-protocol.herokuapp.com'.</msg>
<status status="PASS" starttime="20200910 23:16:49.376" endtime="20200910 23:16:54.410"></status>
</kw>
<status status="PASS" starttime="20200910 23:16:49.376" endtime="20200910 23:16:54.411"></status>
</kw>
<kw name="Go To" library="SeleniumLibrary">
<doc>Navigates the current browser window to the provided ``url``.</doc>
<arguments>
<arg>${url}/login</arg>
</arguments>
<msg timestamp="20200910 23:16:54.411" level="INFO">Opening url 'https://training-wheels-protocol.herokuapp.com/login'</msg>
<status status="PASS" starttime="20200910 23:16:54.411" endtime="20200910 23:16:54.887"></status>
</kw>
<kw name="Input Text" library="SeleniumLibrary">
<doc>Types the given ``text`` into the text field identified by ``locator``.</doc>
<arguments>
<arg>${username}</arg>
<arg>stark</arg>
</arguments>
<msg timestamp="20200910 23:16:54.887" level="INFO">Typing text 'stark' into text field 'css:input[name=username]'.</msg>
<status status="PASS" starttime="20200910 23:16:54.887" endtime="20200910 23:16:54.937"></status>
</kw>
<kw name="Input Text" library="SeleniumLibrary">
<doc>Types the given ``text`` into the text field identified by ``locator``.</doc>
<arguments>
<arg>${password}</arg>
<arg>123</arg>
</arguments>
<msg timestamp="20200910 23:16:54.938" level="INFO">Typing text '123' into text field 'css:input[name=password]'.</msg>
<status status="PASS" starttime="20200910 23:16:54.937" endtime="20200910 23:16:54.982"></status>
</kw>
<kw name="Click Element" library="SeleniumLibrary">
<doc>Click the element identified by ``locator``.</doc>
<arguments>
<arg>${btn_login}</arg>
</arguments>
<msg timestamp="20200910 23:16:54.983" level="INFO">Clicking element 'class:btn-login'.</msg>
<status status="PASS" starttime="20200910 23:16:54.983" endtime="20200910 23:16:55.433"></status>
</kw>
<kw name="Get WebElement" library="SeleniumLibrary">
<doc>Returns the first WebElement matching the given ``locator``.</doc>
<arguments>
<arg>id:flash</arg>
</arguments>
<assign>
<var>${message}</var>
</assign>
<msg timestamp="20200910 23:16:55.441" level="INFO">${message} = &lt;selenium.webdriver.remote.webelement.WebElement (session="9ba59e60ea220f86227a6c1e29359f56", element="9d41cbc2-77a9-480d-a811-9586fb614323")&gt;</msg>
<status status="PASS" starttime="20200910 23:16:55.433" endtime="20200910 23:16:55.441"></status>
</kw>
<kw name="Should Contain" library="BuiltIn">
<doc>Fails if ``container`` does not contain ``item`` one or more times.</doc>
<arguments>
<arg>${message.text}</arg>
<arg>Senha é invalida!</arg>
</arguments>
<status status="PASS" starttime="20200910 23:16:55.442" endtime="20200910 23:16:55.450"></status>
</kw>
<kw name="Encerra sessão" library="base" type="teardown">
<kw name="Capture Page Screenshot" library="SeleniumLibrary">
<doc>Takes a screenshot of the current page and embeds it into a log file.</doc>
<msg timestamp="20200910 23:16:55.765" level="INFO" html="yes">&lt;/td&gt;&lt;/tr&gt;&lt;tr&gt;&lt;td colspan="3"&gt;&lt;a href="selenium-screenshot-36.png"&gt;&lt;img src="selenium-screenshot-36.png" width="800px"&gt;&lt;/a&gt;</msg>
<status status="PASS" starttime="20200910 23:16:55.450" endtime="20200910 23:16:55.765"></status>
</kw>
<kw name="Close Browser" library="SeleniumLibrary">
<doc>Closes the current browser.</doc>
<status status="PASS" starttime="20200910 23:16:55.765" endtime="20200910 23:16:57.845"></status>
</kw>
<status status="PASS" starttime="20200910 23:16:55.450" endtime="20200910 23:16:57.845"></status>
</kw>
<tags>
<tag>login_error</tag>
</tags>
<status status="PASS" starttime="20200910 23:16:49.376" endtime="20200910 23:16:57.845" critical="yes"></status>
</test>
<test id="s1-t2" name="Usuario nao existe">
<kw name="Nova sessão" library="base" type="setup">
<kw name="Open Browser" library="SeleniumLibrary">
<doc>Opens a new browser instance to the optional ``url``.</doc>
<arguments>
<arg>${url}</arg>
<arg>chrome</arg>
</arguments>
<msg timestamp="20200910 23:16:57.847" level="INFO">Opening browser 'chrome' to base url 'https://training-wheels-protocol.herokuapp.com'.</msg>
<status status="PASS" starttime="20200910 23:16:57.847" endtime="20200910 23:17:02.927"></status>
</kw>
<status status="PASS" starttime="20200910 23:16:57.846" endtime="20200910 23:17:02.927"></status>
</kw>
<kw name="Go To" library="SeleniumLibrary">
<doc>Navigates the current browser window to the provided ``url``.</doc>
<arguments>
<arg>${url}/login</arg>
</arguments>
<msg timestamp="20200910 23:17:02.927" level="INFO">Opening url 'https://training-wheels-protocol.herokuapp.com/login'</msg>
<status status="PASS" starttime="20200910 23:17:02.927" endtime="20200910 23:17:03.334"></status>
</kw>
<kw name="Input Text" library="SeleniumLibrary">
<doc>Types the given ``text`` into the text field identified by ``locator``.</doc>
<arguments>
<arg>${username}</arg>
<arg>luan</arg>
</arguments>
<msg timestamp="20200910 23:17:03.334" level="INFO">Typing text 'luan' into text field 'css:input[name=username]'.</msg>
<status status="PASS" starttime="20200910 23:17:03.334" endtime="20200910 23:17:03.381"></status>
</kw>
<kw name="Input Text" library="SeleniumLibrary">
<doc>Types the given ``text`` into the text field identified by ``locator``.</doc>
<arguments>
<arg>${password}</arg>
<arg>123</arg>
</arguments>
<msg timestamp="20200910 23:17:03.381" level="INFO">Typing text '123' into text field 'css:input[name=password]'.</msg>
<status status="PASS" starttime="20200910 23:17:03.381" endtime="20200910 23:17:03.427"></status>
</kw>
<kw name="Click Element" library="SeleniumLibrary">
<doc>Click the element identified by ``locator``.</doc>
<arguments>
<arg>${btn_login}</arg>
</arguments>
<msg timestamp="20200910 23:17:03.428" level="INFO">Clicking element 'class:btn-login'.</msg>
<status status="PASS" starttime="20200910 23:17:03.427" endtime="20200910 23:17:03.824"></status>
</kw>
<kw name="Get WebElement" library="SeleniumLibrary">
<doc>Returns the first WebElement matching the given ``locator``.</doc>
<arguments>
<arg>id:flash</arg>
</arguments>
<assign>
<var>${message}</var>
</assign>
<msg timestamp="20200910 23:17:03.842" level="INFO">${message} = &lt;selenium.webdriver.remote.webelement.WebElement (session="88e1e156ccf6399db575281a8a03cf7c", element="b6703be5-e34f-4cd4-b045-05a8cd99984c")&gt;</msg>
<status status="PASS" starttime="20200910 23:17:03.825" endtime="20200910 23:17:03.842"></status>
</kw>
<kw name="Should Contain" library="BuiltIn">
<doc>Fails if ``container`` does not contain ``item`` one or more times.</doc>
<arguments>
<arg>${message.text}</arg>
<arg>O usuário informado não está cadastrado!</arg>
</arguments>
<status status="PASS" starttime="20200910 23:17:03.843" endtime="20200910 23:17:03.853"></status>
</kw>
<kw name="Encerra sessão" library="base" type="teardown">
<kw name="Capture Page Screenshot" library="SeleniumLibrary">
<doc>Takes a screenshot of the current page and embeds it into a log file.</doc>
<msg timestamp="20200910 23:17:04.174" level="INFO" html="yes">&lt;/td&gt;&lt;/tr&gt;&lt;tr&gt;&lt;td colspan="3"&gt;&lt;a href="selenium-screenshot-37.png"&gt;&lt;img src="selenium-screenshot-37.png" width="800px"&gt;&lt;/a&gt;</msg>
<status status="PASS" starttime="20200910 23:17:03.853" endtime="20200910 23:17:04.174"></status>
</kw>
<kw name="Close Browser" library="SeleniumLibrary">
<doc>Closes the current browser.</doc>
<status status="PASS" starttime="20200910 23:17:04.174" endtime="20200910 23:17:06.691"></status>
</kw>
<status status="PASS" starttime="20200910 23:17:03.853" endtime="20200910 23:17:06.691"></status>
</kw>
<tags>
<tag>login_error</tag>
</tags>
<status status="PASS" starttime="20200910 23:16:57.846" endtime="20200910 23:17:06.691" critical="yes"></status>
</test>
<status status="PASS" starttime="20200910 23:16:49.211" endtime="20200910 23:17:06.692"></status>
</suite>
<statistics>
<total>
<stat pass="2" fail="0">Critical Tests</stat>
<stat pass="2" fail="0">All Tests</stat>
</total>
<tag>
<stat pass="2" fail="0">login_error</stat>
</tag>
<suite>
<stat pass="2" fail="0" id="s1" name="Login Form">Login Form</stat>
</suite>
</statistics>
<errors>
</errors>
</robot>
