<?xml version="1.0" encoding="UTF-8"?>
<robot generator="Robot 3.2.2 (Python 3.8.5 on win32)" generated="20200910 22:05:04.688" rpa="false">
<suite id="s1" name="Radio" source="C:\Users\luan\qa\robot\web\tests\radio.robot">
<test id="s1-t1" name="Selecionando por ID">
<kw name="Nova sessão" library="base" type="setup">
<kw name="Open Browser" library="SeleniumLibrary">
<doc>Opens a new browser instance to the optional ``url``.</doc>
<arguments>
<arg>${url}</arg>
<arg>chrome</arg>
</arguments>
<msg timestamp="20200910 22:05:04.852" level="INFO">Opening browser 'chrome' to base url 'https://training-wheels-protocol.herokuapp.com'.</msg>
<status status="PASS" starttime="20200910 22:05:04.852" endtime="20200910 22:05:11.565"></status>
</kw>
<status status="PASS" starttime="20200910 22:05:04.852" endtime="20200910 22:05:11.565"></status>
</kw>
<kw name="Go To" library="SeleniumLibrary">
<doc>Navigates the current browser window to the provided ``url``.</doc>
<arguments>
<arg>${url}/radios</arg>
</arguments>
<msg timestamp="20200910 22:05:11.565" level="INFO">Opening url 'https://training-wheels-protocol.herokuapp.com/radios'</msg>
<status status="PASS" starttime="20200910 22:05:11.565" endtime="20200910 22:05:12.430"></status>
</kw>
<kw name="Select Radio Button" library="SeleniumLibrary">
<doc>Sets the radio button group ``group_name`` to ``value``.</doc>
<arguments>
<arg>movies</arg>
<arg>cap</arg>
</arguments>
<msg timestamp="20200910 22:05:12.430" level="INFO">Selecting 'cap' from radio button 'movies'.</msg>
<status status="PASS" starttime="20200910 22:05:12.430" endtime="20200910 22:05:12.473"></status>
</kw>
<kw name="Radio Button Should Be Set To" library="SeleniumLibrary">
<doc>Verifies radio button group ``group_name`` is set to ``value``.</doc>
<arguments>
<arg>movies</arg>
<arg>cap</arg>
</arguments>
<msg timestamp="20200910 22:05:12.473" level="INFO">Verifying radio button 'movies' has selection 'cap'.</msg>
<status status="PASS" starttime="20200910 22:05:12.473" endtime="20200910 22:05:12.488"></status>
</kw>
<kw name="Encerra sessão" library="base" type="teardown">
<kw name="Capture Page Screenshot" library="SeleniumLibrary">
<doc>Takes a screenshot of the current page and embeds it into a log file.</doc>
<msg timestamp="20200910 22:05:12.805" level="INFO" html="yes">&lt;/td&gt;&lt;/tr&gt;&lt;tr&gt;&lt;td colspan="3"&gt;&lt;a href="selenium-screenshot-10.png"&gt;&lt;img src="selenium-screenshot-10.png" width="800px"&gt;&lt;/a&gt;</msg>
<status status="PASS" starttime="20200910 22:05:12.488" endtime="20200910 22:05:12.805"></status>
</kw>
<kw name="Close Browser" library="SeleniumLibrary">
<doc>Closes the current browser.</doc>
<status status="PASS" starttime="20200910 22:05:12.806" endtime="20200910 22:05:14.872"></status>
</kw>
<status status="PASS" starttime="20200910 22:05:12.488" endtime="20200910 22:05:14.872"></status>
</kw>
<status status="PASS" starttime="20200910 22:05:04.852" endtime="20200910 22:05:14.872" critical="yes"></status>
</test>
<test id="s1-t2" name="Selecionando por Value">
<kw name="Nova sessão" library="base" type="setup">
<kw name="Open Browser" library="SeleniumLibrary">
<doc>Opens a new browser instance to the optional ``url``.</doc>
<arguments>
<arg>${url}</arg>
<arg>chrome</arg>
</arguments>
<msg timestamp="20200910 22:05:14.874" level="INFO">Opening browser 'chrome' to base url 'https://training-wheels-protocol.herokuapp.com'.</msg>
<status status="PASS" starttime="20200910 22:05:14.874" endtime="20200910 22:05:21.500"></status>
</kw>
<status status="PASS" starttime="20200910 22:05:14.874" endtime="20200910 22:05:21.500"></status>
</kw>
<kw name="Go To" library="SeleniumLibrary">
<doc>Navigates the current browser window to the provided ``url``.</doc>
<arguments>
<arg>${url}/radios</arg>
</arguments>
<msg timestamp="20200910 22:05:21.500" level="INFO">Opening url 'https://training-wheels-protocol.herokuapp.com/radios'</msg>
<status status="PASS" starttime="20200910 22:05:21.500" endtime="20200910 22:05:21.916"></status>
</kw>
<kw name="Select Radio Button" library="SeleniumLibrary">
<doc>Sets the radio button group ``group_name`` to ``value``.</doc>
<arguments>
<arg>movies</arg>
<arg>guardians</arg>
</arguments>
<msg timestamp="20200910 22:05:21.916" level="INFO">Selecting 'guardians' from radio button 'movies'.</msg>
<status status="PASS" starttime="20200910 22:05:21.916" endtime="20200910 22:05:21.954"></status>
</kw>
<kw name="Radio Button Should Be Set To" library="SeleniumLibrary">
<doc>Verifies radio button group ``group_name`` is set to ``value``.</doc>
<arguments>
<arg>movies</arg>
<arg>guardians</arg>
</arguments>
<msg timestamp="20200910 22:05:21.954" level="INFO">Verifying radio button 'movies' has selection 'guardians'.</msg>
<status status="PASS" starttime="20200910 22:05:21.954" endtime="20200910 22:05:21.987"></status>
</kw>
<kw name="Encerra sessão" library="base" type="teardown">
<kw name="Capture Page Screenshot" library="SeleniumLibrary">
<doc>Takes a screenshot of the current page and embeds it into a log file.</doc>
<msg timestamp="20200910 22:05:22.298" level="INFO" html="yes">&lt;/td&gt;&lt;/tr&gt;&lt;tr&gt;&lt;td colspan="3"&gt;&lt;a href="selenium-screenshot-11.png"&gt;&lt;img src="selenium-screenshot-11.png" width="800px"&gt;&lt;/a&gt;</msg>
<status status="PASS" starttime="20200910 22:05:21.987" endtime="20200910 22:05:22.298"></status>
</kw>
<kw name="Close Browser" library="SeleniumLibrary">
<doc>Closes the current browser.</doc>
<status status="PASS" starttime="20200910 22:05:22.298" endtime="20200910 22:05:24.363"></status>
</kw>
<status status="PASS" starttime="20200910 22:05:21.987" endtime="20200910 22:05:24.363"></status>
</kw>
<status status="PASS" starttime="20200910 22:05:14.873" endtime="20200910 22:05:24.363" critical="yes"></status>
</test>
<status status="PASS" starttime="20200910 22:05:04.690" endtime="20200910 22:05:24.364"></status>
</suite>
<statistics>
<total>
<stat pass="2" fail="0">Critical Tests</stat>
<stat pass="2" fail="0">All Tests</stat>
</total>
<tag>
</tag>
<suite>
<stat pass="2" fail="0" id="s1" name="Radio">Radio</stat>
</suite>
</statistics>
<errors>
</errors>
</robot>
