<?xml version="1.0" encoding="UTF-8"?>
<robot generator="Robot 3.2.2 (Python 3.8.5 on win32)" generated="20200910 23:05:11.898" rpa="false">
<suite id="s1" name="Login Form" source="C:\Users\luan\qa\robot\web\tests\login_form.robot">
<test id="s1-t1" name="Login com sucesso">
<kw name="Nova sessão" library="base" type="setup">
<kw name="Open Browser" library="SeleniumLibrary">
<doc>Opens a new browser instance to the optional ``url``.</doc>
<arguments>
<arg>${url}</arg>
<arg>chrome</arg>
</arguments>
<msg timestamp="20200910 23:05:12.065" level="INFO">Opening browser 'chrome' to base url 'https://training-wheels-protocol.herokuapp.com'.</msg>
<status status="PASS" starttime="20200910 23:05:12.065" endtime="20200910 23:05:17.130"></status>
</kw>
<status status="PASS" starttime="20200910 23:05:12.065" endtime="20200910 23:05:17.130"></status>
</kw>
<kw name="Go To" library="SeleniumLibrary">
<doc>Navigates the current browser window to the provided ``url``.</doc>
<arguments>
<arg>${url}/login</arg>
</arguments>
<msg timestamp="20200910 23:05:17.131" level="INFO">Opening url 'https://training-wheels-protocol.herokuapp.com/login'</msg>
<status status="PASS" starttime="20200910 23:05:17.131" endtime="20200910 23:05:17.569"></status>
</kw>
<kw name="Input Text" library="SeleniumLibrary">
<doc>Types the given ``text`` into the text field identified by ``locator``.</doc>
<arguments>
<arg>${username}</arg>
<arg>stark</arg>
</arguments>
<msg timestamp="20200910 23:05:17.569" level="INFO">Typing text 'stark' into text field 'css:input[name=username]'.</msg>
<status status="PASS" starttime="20200910 23:05:17.569" endtime="20200910 23:05:17.617"></status>
</kw>
<kw name="Input Text" library="SeleniumLibrary">
<doc>Types the given ``text`` into the text field identified by ``locator``.</doc>
<arguments>
<arg>${password}</arg>
<arg>jarvis!</arg>
</arguments>
<msg timestamp="20200910 23:05:17.617" level="INFO">Typing text 'jarvis!' into text field 'css:input[name=password]'.</msg>
<status status="PASS" starttime="20200910 23:05:17.617" endtime="20200910 23:05:17.665"></status>
</kw>
<kw name="Click Element" library="SeleniumLibrary">
<doc>Click the element identified by ``locator``.</doc>
<arguments>
<arg>${btn_login}</arg>
</arguments>
<msg timestamp="20200910 23:05:17.666" level="INFO">Clicking element 'class:btn-login'.</msg>
<status status="PASS" starttime="20200910 23:05:17.666" endtime="20200910 23:05:18.084"></status>
</kw>
<kw name="Page Should Contain" library="SeleniumLibrary">
<doc>Verifies that current page contains ``text``.</doc>
<arguments>
<arg>Olá, Tony Stark. Você acessou a área logada!</arg>
</arguments>
<msg timestamp="20200910 23:05:18.112" level="INFO">Current page contains text 'Olá, Tony Stark. Você acessou a área logada!'.</msg>
<status status="PASS" starttime="20200910 23:05:18.085" endtime="20200910 23:05:18.112"></status>
</kw>
<kw name="Sleep" library="BuiltIn">
<doc>Pauses the test executed for the given time.</doc>
<arguments>
<arg>5</arg>
</arguments>
<msg timestamp="20200910 23:05:23.113" level="INFO">Slept 5 seconds</msg>
<status status="PASS" starttime="20200910 23:05:18.112" endtime="20200910 23:05:23.113"></status>
</kw>
<kw name="Encerra sessão" library="base" type="teardown">
<kw name="Capture Page Screenshot" library="SeleniumLibrary">
<doc>Takes a screenshot of the current page and embeds it into a log file.</doc>
<msg timestamp="20200910 23:05:23.408" level="INFO" html="yes">&lt;/td&gt;&lt;/tr&gt;&lt;tr&gt;&lt;td colspan="3"&gt;&lt;a href="selenium-screenshot-33.png"&gt;&lt;img src="selenium-screenshot-33.png" width="800px"&gt;&lt;/a&gt;</msg>
<status status="PASS" starttime="20200910 23:05:23.114" endtime="20200910 23:05:23.408"></status>
</kw>
<kw name="Close Browser" library="SeleniumLibrary">
<doc>Closes the current browser.</doc>
<status status="PASS" starttime="20200910 23:05:23.408" endtime="20200910 23:05:25.483"></status>
</kw>
<status status="PASS" starttime="20200910 23:05:23.113" endtime="20200910 23:05:25.483"></status>
</kw>
<status status="PASS" starttime="20200910 23:05:12.064" endtime="20200910 23:05:25.483" critical="yes"></status>
</test>
<status status="PASS" starttime="20200910 23:05:11.900" endtime="20200910 23:05:25.484"></status>
</suite>
<statistics>
<total>
<stat pass="1" fail="0">Critical Tests</stat>
<stat pass="1" fail="0">All Tests</stat>
</total>
<tag>
</tag>
<suite>
<stat pass="1" fail="0" id="s1" name="Login Form">Login Form</stat>
</suite>
</statistics>
<errors>
</errors>
</robot>
