<?xml version="1.0" encoding="UTF-8"?>
<robot generator="Robot 3.2.2 (Python 3.8.5 on win32)" generated="20200910 18:25:21.685" rpa="false">
<suite id="s1" name="Title" source="C:\Users\luan\qa\robot\web\title.robot">
<test id="s1-t1" name="Should see page title">
<kw name="Open Browser" library="SeleniumLibrary">
<doc>Opens a new browser instance to the optional ``url``.</doc>
<arguments>
<arg>https://training-wheels-protocol.herokuapp.com/</arg>
<arg>chrome</arg>
</arguments>
<msg timestamp="20200910 18:25:21.848" level="INFO">Opening browser 'chrome' to base url 'https://training-wheels-protocol.herokuapp.com/'.</msg>
<status status="PASS" starttime="20200910 18:25:21.848" endtime="20200910 18:25:27.561"></status>
</kw>
<kw name="Title Should Be" library="SeleniumLibrary">
<doc>Verifies that the current page title equals ``title``.</doc>
<arguments>
<arg>Training Wheels Protocol</arg>
</arguments>
<msg timestamp="20200910 18:25:27.564" level="INFO">Page title is 'Training Wheels Protocol'.</msg>
<status status="PASS" starttime="20200910 18:25:27.561" endtime="20200910 18:25:27.564"></status>
</kw>
<kw name="Close Browser" library="SeleniumLibrary">
<doc>Closes the current browser.</doc>
<status status="PASS" starttime="20200910 18:25:27.564" endtime="20200910 18:25:29.653"></status>
</kw>
<status status="PASS" starttime="20200910 18:25:21.848" endtime="20200910 18:25:29.653" critical="yes"></status>
</test>
<status status="PASS" starttime="20200910 18:25:21.685" endtime="20200910 18:25:29.654"></status>
</suite>
<statistics>
<total>
<stat pass="1" fail="0">Critical Tests</stat>
<stat pass="1" fail="0">All Tests</stat>
</total>
<tag>
</tag>
<suite>
<stat pass="1" fail="0" id="s1" name="Title">Title</stat>
</suite>
</statistics>
<errors>
</errors>
</robot>
